2022-10-27 18:08:15.456 - Info	
Packing C:\Users\orbel\Desktop\BvrScheduleBoard\Solutions\obj\Debug\Metadata to bin\Debug\Solutions.zip

2022-10-27 18:08:15.465 - Info	Processing Component: Entities
2022-10-27 18:08:15.468 - Info	Processing Component: Roles
2022-10-27 18:08:15.470 - Info	Processing Component: Workflows
2022-10-27 18:08:15.471 - Info	Processing Component: FieldSecurityProfiles
2022-10-27 18:08:15.472 - Info	Processing Component: Templates
2022-10-27 18:08:15.472 - Info	Processing Component: EntityMaps
2022-10-27 18:08:15.473 - Info	Processing Component: EntityRelationships
2022-10-27 18:08:15.476 - Info	Processing Component: OrganizationSettings
2022-10-27 18:08:15.477 - Info	Processing Component: optionsets
2022-10-27 18:08:15.478 - Info	Processing Component: CustomControls
2022-10-27 18:08:15.486 - Info	 - BeverControls.BvrScheduleBoardViewControl
2022-10-27 18:08:15.490 - Info	Processing Component: SolutionPluginAssemblies
2022-10-27 18:08:15.492 - Info	Processing Component: EntityDataProviders
2022-10-27 18:08:15.529 - Info	
Unmanaged Pack complete.

2022-10-31 17:33:15.693 - Info	
Packing C:\Users\orbel\Desktop\BvrScheduleBoard\Solutions\obj\Debug\Metadata to bin\Debug\Solutions.zip

2022-10-31 17:33:15.702 - Info	Processing Component: Entities
2022-10-31 17:33:15.705 - Info	Processing Component: Roles
2022-10-31 17:33:15.708 - Info	Processing Component: Workflows
2022-10-31 17:33:15.708 - Info	Processing Component: FieldSecurityProfiles
2022-10-31 17:33:15.708 - Info	Processing Component: Templates
2022-10-31 17:33:15.709 - Info	Processing Component: EntityMaps
2022-10-31 17:33:15.710 - Info	Processing Component: EntityRelationships
2022-10-31 17:33:15.714 - Info	Processing Component: OrganizationSettings
2022-10-31 17:33:15.715 - Info	Processing Component: optionsets
2022-10-31 17:33:15.715 - Info	Processing Component: CustomControls
2022-10-31 17:33:15.722 - Info	 - BeverControls.BvrScheduleBoardViewControl
2022-10-31 17:33:15.726 - Info	Processing Component: SolutionPluginAssemblies
2022-10-31 17:33:15.728 - Info	Processing Component: EntityDataProviders
2022-10-31 17:33:15.757 - Info	
Unmanaged Pack complete.

2022-10-31 17:41:50.088 - Info	
Packing C:\Users\orbel\Desktop\BvrScheduleBoard\Solutions\obj\Debug\Metadata to bin\Debug\Solutions.zip

2022-10-31 17:41:50.097 - Info	Processing Component: Entities
2022-10-31 17:41:50.099 - Info	Processing Component: Roles
2022-10-31 17:41:50.102 - Info	Processing Component: Workflows
2022-10-31 17:41:50.103 - Info	Processing Component: FieldSecurityProfiles
2022-10-31 17:41:50.103 - Info	Processing Component: Templates
2022-10-31 17:41:50.104 - Info	Processing Component: EntityMaps
2022-10-31 17:41:50.105 - Info	Processing Component: EntityRelationships
2022-10-31 17:41:50.110 - Info	Processing Component: OrganizationSettings
2022-10-31 17:41:50.110 - Info	Processing Component: optionsets
2022-10-31 17:41:50.111 - Info	Processing Component: CustomControls
2022-10-31 17:41:50.117 - Info	 - BeverControls.BvrScheduleBoardViewControl
2022-10-31 17:41:50.120 - Info	Processing Component: SolutionPluginAssemblies
2022-10-31 17:41:50.121 - Info	Processing Component: EntityDataProviders
2022-10-31 17:41:50.147 - Info	
Unmanaged Pack complete.

2022-10-31 17:44:17.426 - Info	
Packing C:\Users\orbel\Desktop\BvrScheduleBoard\Solutions\obj\Debug\Metadata to bin\Debug\Solutions.zip

2022-10-31 17:44:17.435 - Info	Processing Component: Entities
2022-10-31 17:44:17.438 - Info	Processing Component: Roles
2022-10-31 17:44:17.441 - Info	Processing Component: Workflows
2022-10-31 17:44:17.442 - Info	Processing Component: FieldSecurityProfiles
2022-10-31 17:44:17.442 - Info	Processing Component: Templates
2022-10-31 17:44:17.443 - Info	Processing Component: EntityMaps
2022-10-31 17:44:17.444 - Info	Processing Component: EntityRelationships
2022-10-31 17:44:17.448 - Info	Processing Component: OrganizationSettings
2022-10-31 17:44:17.449 - Info	Processing Component: optionsets
2022-10-31 17:44:17.449 - Info	Processing Component: CustomControls
2022-10-31 17:44:17.455 - Info	 - BeverControls.BvrScheduleBoardViewControl
2022-10-31 17:44:17.458 - Info	Processing Component: SolutionPluginAssemblies
2022-10-31 17:44:17.460 - Info	Processing Component: EntityDataProviders
2022-10-31 17:44:17.487 - Info	
Unmanaged Pack complete.

2022-10-31 17:50:48.474 - Info	
Packing C:\Users\orbel\Desktop\BvrScheduleBoard\Solutions\obj\Debug\Metadata to bin\Debug\Solutions.zip

2022-10-31 17:50:48.482 - Info	Processing Component: Entities
2022-10-31 17:50:48.485 - Info	Processing Component: Roles
2022-10-31 17:50:48.488 - Info	Processing Component: Workflows
2022-10-31 17:50:48.489 - Info	Processing Component: FieldSecurityProfiles
2022-10-31 17:50:48.489 - Info	Processing Component: Templates
2022-10-31 17:50:48.490 - Info	Processing Component: EntityMaps
2022-10-31 17:50:48.491 - Info	Processing Component: EntityRelationships
2022-10-31 17:50:48.494 - Info	Processing Component: OrganizationSettings
2022-10-31 17:50:48.495 - Info	Processing Component: optionsets
2022-10-31 17:50:48.496 - Info	Processing Component: CustomControls
2022-10-31 17:50:48.502 - Info	 - BeverControls.BvrScheduleBoardViewControl
2022-10-31 17:50:48.505 - Info	Processing Component: SolutionPluginAssemblies
2022-10-31 17:50:48.506 - Info	Processing Component: EntityDataProviders
2022-10-31 17:50:48.531 - Info	
Unmanaged Pack complete.

